error[E0751]: found both positive and negative implementation of trait `Send` for type `*mut posix::mqueue::MessageQueue`:
error[E0117]: only traits defined in the current crate can be implemented for arbitrary types
error[E0751]: found both positive and negative implementation of trait `Sync` for type `*mut posix::mqueue::MessageQueue`:
error[E0117]: only traits defined in the current crate can be implemented for arbitrary types
error[E0308]: mismatched types
error[E0308]: mismatched types
error[E0599]: no variant or associated item named `ProcessNotFound` found for enum `SyscallError` in the current scope
error[E0277]: `?` couldn't convert the error to `SyscallError`
error[E0308]: mismatched types
error[E0308]: mismatched types
error[E0560]: struct `error_handling::SystemStateSnapshot` has no field named `disk_usage`
error[E0560]: struct `error_handling::SystemStateSnapshot` has no field named `network_io`
error[E0560]: struct `error_handling::SystemStateSnapshot` has no field named `process_count`
error[E0560]: struct `error_handling::SystemStateSnapshot` has no field named `active_connections`
error[E0308]: mismatched types
error[E0560]: struct `error_handling::SystemStateSnapshot` has no field named `custom_metrics`
error[E0599]: no method named `error_type` found for reference `&UnifiedError` in the current scope
error[E0308]: mismatched types
error[E0308]: mismatched types
error[E0599]: no variant or associated item named `ProcessNotFound` found for enum `SyscallError` in the current scope
error[E0308]: mismatched types
error[E0599]: no variant or associated item named `ProcessNotFound` found for enum `SyscallError` in the current scope
error[E0599]: no variant or associated item named `ResourceBusy` found for enum `SyscallError` in the current scope
error[E0599]: no variant or associated item named `ProcessNotFound` found for enum `SyscallError` in the current scope
error[E0599]: no variant or associated item named `ProcessNotFound` found for enum `SyscallError` in the current scope
error[E0599]: no variant or associated item named `ProcessNotFound` found for enum `SyscallError` in the current scope
error[E0599]: no variant or associated item named `Timeout` found for enum `SyscallError` in the current scope
error[E0599]: no variant or associated item named `ProcessNotFound` found for enum `SyscallError` in the current scope
error[E0599]: no variant or associated item named `ProcessNotFound` found for enum `SyscallError` in the current scope
error[E0599]: no variant or associated item named `ProcessNotFound` found for enum `SyscallError` in the current scope
error[E0599]: no variant or associated item named `ProcessNotFound` found for enum `SyscallError` in the current scope
error[E0599]: no variant or associated item named `ProcessNotFound` found for enum `SyscallError` in the current scope
error[E0599]: no variant or associated item named `ProcessNotFound` found for enum `SyscallError` in the current scope
error[E0599]: no variant or associated item named `ProcessNotFound` found for enum `SyscallError` in the current scope
error[E0599]: no variant or associated item named `ProcessNotFound` found for enum `SyscallError` in the current scope
error[E0599]: no variant or associated item named `ResourceBusy` found for enum `SyscallError` in the current scope
error[E0599]: no variant or associated item named `ProcessNotFound` found for enum `SyscallError` in the current scope
error[E0308]: mismatched types
error[E0599]: no variant or associated item named `ProcessNotFound` found for enum `SyscallError` in the current scope
error[E0599]: no variant or associated item named `ProcessNotFound` found for enum `SyscallError` in the current scope
error[E0599]: no variant or associated item named `ProcessNotFound` found for enum `SyscallError` in the current scope
error[E0308]: mismatched types
error[E0599]: no variant or associated item named `ProcessNotFound` found for enum `SyscallError` in the current scope
error[E0599]: no variant or associated item named `ProcessNotFound` found for enum `SyscallError` in the current scope
error[E0308]: mismatched types
error[E0599]: no variant or associated item named `ProcessNotFound` found for enum `SyscallError` in the current scope
error[E0599]: no variant or associated item named `ProcessNotFound` found for enum `SyscallError` in the current scope
error[E0599]: no variant or associated item named `ProcessNotFound` found for enum `SyscallError` in the current scope
error[E0308]: mismatched types
error[E0599]: no variant or associated item named `ProcessNotFound` found for enum `SyscallError` in the current scope
error[E0599]: no variant or associated item named `ProcessNotFound` found for enum `SyscallError` in the current scope
error[E0599]: no variant or associated item named `ProcessNotFound` found for enum `SyscallError` in the current scope
error[E0308]: mismatched types
error[E0599]: no variant or associated item named `ProcessNotFound` found for enum `SyscallError` in the current scope
error[E0599]: no variant or associated item named `ProcessNotFound` found for enum `SyscallError` in the current scope
error[E0599]: no variant or associated item named `ProcessNotFound` found for enum `SyscallError` in the current scope
error[E0308]: mismatched types
error[E0599]: no variant or associated item named `ProcessNotFound` found for enum `SyscallError` in the current scope
error[E0599]: no variant or associated item named `ProcessNotFound` found for enum `SyscallError` in the current scope
error[E0599]: no variant or associated item named `ProcessNotFound` found for enum `SyscallError` in the current scope
error[E0308]: mismatched types
error[E0599]: no variant or associated item named `ProcessNotFound` found for enum `SyscallError` in the current scope
error[E0599]: no variant or associated item named `ProcessNotFound` found for enum `SyscallError` in the current scope
error[E0599]: no variant or associated item named `ProcessNotFound` found for enum `SyscallError` in the current scope
error[E0599]: no variant or associated item named `ProcessNotFound` found for enum `SyscallError` in the current scope
error[E0308]: mismatched types
error[E0599]: no variant or associated item named `ProcessNotFound` found for enum `SyscallError` in the current scope
error[E0599]: no variant or associated item named `ProcessNotFound` found for enum `SyscallError` in the current scope
error[E0308]: mismatched types
error[E0599]: no variant or associated item named `ProcessNotFound` found for enum `SyscallError` in the current scope
error[E0599]: no variant or associated item named `ProcessNotFound` found for enum `SyscallError` in the current scope
error[E0308]: mismatched types
error[E0308]: mismatched types
error[E0599]: no variant or associated item named `ProcessNotFound` found for enum `SyscallError` in the current scope
error[E0599]: no variant or associated item named `ProcessNotFound` found for enum `SyscallError` in the current scope
error[E0308]: mismatched types
error[E0599]: no variant or associated item named `ProcessNotFound` found for enum `SyscallError` in the current scope
error[E0599]: no variant or associated item named `ProcessNotFound` found for enum `SyscallError` in the current scope
error[E0308]: mismatched types
error[E0599]: no variant or associated item named `ProcessNotFound` found for enum `SyscallError` in the current scope
error[E0599]: no variant or associated item named `ProcessNotFound` found for enum `SyscallError` in the current scope
error[E0308]: mismatched types
error[E0599]: no variant or associated item named `ProcessNotFound` found for enum `SyscallError` in the current scope
error[E0599]: no variant or associated item named `ProcessNotFound` found for enum `SyscallError` in the current scope
error[E0308]: mismatched types
error[E0599]: no variant or associated item named `ProcessNotFound` found for enum `SyscallError` in the current scope
error[E0599]: no variant or associated item named `ProcessNotFound` found for enum `SyscallError` in the current scope
error[E0599]: no variant or associated item named `ProcessNotFound` found for enum `SyscallError` in the current scope
error[E0599]: no variant or associated item named `ProcessNotFound` found for enum `SyscallError` in the current scope
error[E0599]: no variant or associated item named `ProcessNotFound` found for enum `SyscallError` in the current scope
error[E0308]: mismatched types
error[E0599]: no variant or associated item named `ProcessNotFound` found for enum `SyscallError` in the current scope
error[E0599]: no variant or associated item named `ProcessNotFound` found for enum `SyscallError` in the current scope
error[E0599]: no variant or associated item named `ResourceBusy` found for enum `SyscallError` in the current scope
error[E0599]: no variant or associated item named `ProcessNotFound` found for enum `SyscallError` in the current scope
error[E0308]: mismatched types
error[E0599]: no variant or associated item named `ProcessNotFound` found for enum `SyscallError` in the current scope
error[E0308]: mismatched types
error[E0599]: no variant or associated item named `ResourceBusy` found for enum `SyscallError` in the current scope
error[E0599]: no variant or associated item named `ProcessNotFound` found for enum `SyscallError` in the current scope
error[E0308]: mismatched types
error[E0599]: no variant or associated item named `ProcessNotFound` found for enum `SyscallError` in the current scope
error[E0599]: no variant or associated item named `ProcessNotFound` found for enum `SyscallError` in the current scope
error[E0599]: no variant or associated item named `ProcessNotFound` found for enum `SyscallError` in the current scope
error[E0308]: mismatched types
error[E0599]: no variant or associated item named `ProcessNotFound` found for enum `SyscallError` in the current scope
error[E0308]: mismatched types
error[E0599]: no variant or associated item named `ProcessNotFound` found for enum `SyscallError` in the current scope
error[E0308]: mismatched types
error[E0599]: no variant or associated item named `ProcessNotFound` found for enum `SyscallError` in the current scope
error[E0308]: mismatched types
error[E0599]: no variant or associated item named `ProcessNotFound` found for enum `SyscallError` in the current scope
error[E0308]: mismatched types
error[E0599]: no variant or associated item named `ProcessNotFound` found for enum `SyscallError` in the current scope
error[E0599]: no variant or associated item named `ProcessNotFound` found for enum `SyscallError` in the current scope
error[E0308]: mismatched types
error[E0599]: no variant or associated item named `ProcessNotFound` found for enum `SyscallError` in the current scope
error[E0308]: mismatched types
error[E0599]: no variant or associated item named `ProcessNotFound` found for enum `SyscallError` in the current scope
error[E0599]: no variant or associated item named `ProcessNotFound` found for enum `SyscallError` in the current scope
error[E0599]: no variant or associated item named `ProcessNotFound` found for enum `SyscallError` in the current scope
error[E0308]: mismatched types
error[E0599]: no variant or associated item named `ProcessNotFound` found for enum `SyscallError` in the current scope
error[E0599]: no variant or associated item named `ProcessNotFound` found for enum `SyscallError` in the current scope
error[E0599]: no variant or associated item named `ProcessNotFound` found for enum `SyscallError` in the current scope
error[E0308]: mismatched types
error[E0599]: no variant or associated item named `ProcessNotFound` found for enum `SyscallError` in the current scope
error[E0599]: no variant or associated item named `ProcessNotFound` found for enum `SyscallError` in the current scope
error[E0599]: no variant or associated item named `ProcessNotFound` found for enum `SyscallError` in the current scope
error[E0308]: mismatched types
error[E0599]: no variant or associated item named `ProcessNotFound` found for enum `SyscallError` in the current scope
error[E0599]: no variant or associated item named `ProcessNotFound` found for enum `SyscallError` in the current scope
error[E0599]: no variant or associated item named `ProcessNotFound` found for enum `SyscallError` in the current scope
error[E0308]: mismatched types
error[E0599]: no variant or associated item named `ProcessNotFound` found for enum `SyscallError` in the current scope
error[E0061]: this function takes 2 arguments but 1 argument was supplied
error[E0599]: no variant or associated item named `ProcessNotFound` found for enum `SyscallError` in the current scope
error[E0061]: this function takes 2 arguments but 1 argument was supplied
error[E0599]: no variant or associated item named `ProcessNotFound` found for enum `SyscallError` in the current scope
error[E0599]: no variant or associated item named `ProcessNotFound` found for enum `SyscallError` in the current scope
error[E0599]: no variant or associated item named `ProcessNotFound` found for enum `SyscallError` in the current scope
error[E0599]: no variant or associated item named `ProcessNotFound` found for enum `SyscallError` in the current scope
error[E0599]: no variant or associated item named `ProcessNotFound` found for enum `SyscallError` in the current scope
error[E0308]: mismatched types
error[E0308]: mismatched types
error[E0560]: struct `BatchConfig` has no field named `enable_parallel_execution`
error[E0560]: struct `BatchConfig` has no field named `timeout_ms`
error[E0308]: mismatched types
error[E0308]: mismatched types
error[E0433]: failed to resolve: use of unresolved module or unlinked crate `bincode`
error[E0433]: failed to resolve: use of unresolved module or unlinked crate `bincode`
error[E0277]: the trait bound `AtomicUsize: Clone` is not satisfied
error[E0277]: the trait bound `AtomicUsize: Clone` is not satisfied
error[E0277]: the trait bound `AtomicUsize: Clone` is not satisfied
error[E0277]: the trait bound `AtomicUsize: Clone` is not satisfied
error[E0277]: the trait bound `AtomicUsize: Clone` is not satisfied
error[E0277]: the trait bound `AtomicUsize: Clone` is not satisfied
error[E0277]: the trait bound `AtomicUsize: Clone` is not satisfied
error[E0061]: this method takes 4 arguments but 3 arguments were supplied
error[E0599]: no method named `build_hasher` found for struct `DefaultHasherBuilder` in the current scope
error[E0308]: mismatched types
error[E0277]: the trait bound `ErrorRateTrend: Default` is not satisfied
error[E0609]: no field `source` on type `BasicContext`
error[E0308]: mismatched types
error[E0609]: no field `source` on type `BasicContext`
error[E0599]: `error_handling::ErrorType` doesn't implement `Display`
error[E0609]: no field `priority` on type `&error_handling::ErrorRecord`
error[E0599]: `error_handling::ErrorType` doesn't implement `Display`
error[E0609]: no field `score` on type `unified_engine::HealthStatus`
error[E0277]: the trait bound `f64: core::cmp::Eq` is not satisfied
error[E0277]: the trait bound `f64: core::cmp::Eq` is not satisfied
error[E0277]: the trait bound `f64: core::cmp::Eq` is not satisfied
error[E0308]: mismatched types
error[E0308]: mismatched types
error[E0277]: the trait bound `f64: core::cmp::Eq` is not satisfied
error[E0599]: no method named `error_type` found for reference `&UnifiedError` in the current scope
error[E0599]: no method named `error_type` found for reference `&UnifiedError` in the current scope
error[E0599]: no method named `error_code` found for reference `&UnifiedError` in the current scope
error[E0599]: no method named `error_type` found for reference `&UnifiedError` in the current scope
error[E0599]: no method named `message` found for reference `&UnifiedError` in the current scope
error[E0277]: `sync::Mutex<VecDeque<posix::advanced_signal::QueuedSignal>>` doesn't implement `Debug`
error[E0277]: `sync::Mutex<posix::SigSet>` doesn't implement `Debug`
error[E0277]: `sync::Mutex<posix::SigSet>` doesn't implement `Debug`
error[E0277]: `sync::Mutex<VecDeque<posix::advanced_signal::QueuedSignal>>` doesn't implement `Debug`
error[E0609]: no field `uid` on type `&process::manager::Proc`
error[E0308]: mismatched types
error[E0308]: mismatched types
error[E0599]: no method named `find_mut` found for struct `sync::MutexGuard<'_, ProcTable>` in the current scope
error[E0282]: type annotations needed
error[E0599]: no method named `set_mask` found for struct `alloc::sync::Arc<SignalQueue>` in the current scope
error[E0308]: mismatched types
error[E0308]: mismatched types
error[E0308]: mismatched types
error[E0277]: `sync::Mutex<()>` doesn't implement `Debug`
error[E0277]: the trait bound `AtomicU64: Clone` is not satisfied
error[E0277]: the trait bound `AtomicU64: Clone` is not satisfied
error[E0599]: no method named `to_string` found for reference `&str` in the current scope
error[E0599]: no method named `to_string` found for reference `&'static str` in the current scope
error[E0599]: no method named `to_string` found for reference `&'static str` in the current scope
error[E0599]: no method named `to_string` found for reference `&'static str` in the current scope
error[E0599]: no method named `to_string` found for reference `&str` in the current scope
error[E0599]: no method named `to_string` found for reference `&'static str` in the current scope
error[E0599]: no method named `to_string` found for reference `&'static str` in the current scope
error[E0599]: no method named `to_string` found for reference `&str` in the current scope
error[E0599]: no method named `to_string` found for reference `&str` in the current scope
error[E0599]: no method named `to_string` found for reference `&'static str` in the current scope
error[E0599]: no method named `to_string` found for reference `&'static str` in the current scope
error[E0599]: no method named `to_string` found for reference `&'static str` in the current scope
error[E0599]: no method named `to_string` found for reference `&'static str` in the current scope
error[E0599]: no method named `to_string` found for reference `&'static str` in the current scope
error[E0599]: no method named `to_string` found for reference `&'static str` in the current scope
error[E0599]: no method named `to_string` found for reference `&str` in the current scope
error[E0599]: no method named `to_string` found for reference `&str` in the current scope
error[E0308]: mismatched types
error[E0308]: mismatched types
error[E0308]: mismatched types
error[E0308]: mismatched types
error[E0308]: mismatched types
error[E0308]: `if` and `else` have incompatible types
error[E0308]: mismatched types
error[E0308]: mismatched types
error[E0308]: mismatched types
error[E0308]: `if` and `else` have incompatible types
error[E0308]: mismatched types
error[E0308]: mismatched types
error[E0308]: mismatched types
error[E0308]: `if` and `else` have incompatible types
error[E0308]: mismatched types
error[E0308]: mismatched types
error[E0308]: mismatched types
error[E0308]: `if` and `else` have incompatible types
error[E0308]: mismatched types
error[E0308]: mismatched types
error[E0308]: mismatched types
error[E0308]: `if` and `else` have incompatible types
error[E0308]: mismatched types
error[E0308]: mismatched types
error[E0308]: mismatched types
error[E0308]: `if` and `else` have incompatible types
error[E0599]: no method named `to_string` found for reference `&str` in the current scope
error[E0599]: no method named `to_string` found for reference `&str` in the current scope
error[E0308]: mismatched types
error[E0308]: mismatched types
error[E0308]: mismatched types
error[E0308]: mismatched types
error[E0308]: mismatched types
error[E0308]: mismatched types
error[E0308]: mismatched types
error[E0308]: mismatched types
error[E0308]: mismatched types
error[E0308]: mismatched types
error[E0061]: this method takes 0 arguments but 1 argument was supplied
error[E0308]: mismatched types
error[E0308]: mismatched types
error[E0069]: `return;` in a function whose return type is not `()`
error[E0308]: mismatched types
error[E0308]: mismatched types
error[E0308]: mismatched types
error[E0308]: mismatched types
error[E0308]: mismatched types
error[E0308]: mismatched types
error[E0308]: mismatched types
error[E0308]: mismatched types
error[E0069]: `return;` in a function whose return type is not `()`
error[E0308]: mismatched types
error[E0308]: mismatched types
error[E0308]: mismatched types
error[E0308]: mismatched types
error[E0308]: mismatched types
error[E0599]: no method named `to_string` found for reference `&str` in the current scope
error[E0599]: no method named `to_string` found for reference `&str` in the current scope
error[E0599]: no method named `to_string` found for reference `&str` in the current scope
error[E0308]: mismatched types
error[E0308]: mismatched types
error[E0308]: mismatched types
error[E0308]: mismatched types
error[E0308]: mismatched types
error[E0308]: mismatched types
error[E0596]: cannot borrow `proc_table` as mutable, as it is not declared as mutable
error[E0596]: cannot borrow `proc_table` as mutable, as it is not declared as mutable
error[E0505]: cannot move out of `proc_table` because it is borrowed
error[E0505]: cannot move out of `proc_table` because it is borrowed
error[E0505]: cannot move out of `proc_table` because it is borrowed
error[E0505]: cannot move out of `proc_table` because it is borrowed
error[E0596]: cannot borrow `proc_table` as mutable, as it is not declared as mutable
error[E0505]: cannot move out of `proc_table` because it is borrowed
error[E0505]: cannot move out of `proc_table` because it is borrowed
error[E0382]: borrow of moved value: `result`
error[E0382]: borrow of moved value: `enhanced_context`
error[E0382]: borrow of moved value: `error_record`
error[E0716]: temporary value dropped while borrowed
error[E0502]: cannot borrow `stored_predictions` as immutable because it is also borrowed as mutable
error[E0382]: borrow of moved value: `error_record`
error[E0596]: cannot borrow data in a `*const` pointer as mutable
